timestamp: 2011-08-27T00:05:18.659411
CREATE TABLE auth_user(
    id INTEGER PRIMARY KEY AUTOINCREMENT,
    first_name CHAR(128),
    last_name CHAR(128),
    email CHAR(512),
    password CHAR(512),
    registration_key CHAR(512),
    reset_password_key CHAR(512)
);
success!
timestamp: 2011-08-27T00:05:18.664247
CREATE TABLE auth_group(
    id INTEGER PRIMARY KEY AUTOINCREMENT,
    role CHAR(512),
    description TEXT
);
success!
timestamp: 2011-08-27T00:05:18.670417
CREATE TABLE auth_membership(
    id INTEGER PRIMARY KEY AUTOINCREMENT,
    user_id INTEGER REFERENCES auth_user(id) ON DELETE CASCADE,
    group_id INTEGER REFERENCES auth_group(id) ON DELETE CASCADE
);
success!
timestamp: 2011-08-27T00:05:18.673491
CREATE TABLE auth_permission(
    id INTEGER PRIMARY KEY AUTOINCREMENT,
    group_id INTEGER REFERENCES auth_group(id) ON DELETE CASCADE,
    name CHAR(512),
    table_name CHAR(512),
    record_id INTEGER
);
success!
timestamp: 2011-08-27T00:05:18.676595
CREATE TABLE auth_event(
    id INTEGER PRIMARY KEY AUTOINCREMENT,
    time_stamp TIMESTAMP,
    client_ip CHAR(512),
    user_id INTEGER REFERENCES auth_user(id) ON DELETE CASCADE,
    origin CHAR(512),
    description TEXT
);
success!
timestamp: 2011-08-27T00:05:18.689904
CREATE TABLE auth_cas(
    id INTEGER PRIMARY KEY AUTOINCREMENT,
    user_id INTEGER REFERENCES auth_user(id) ON DELETE CASCADE,
    created_on TIMESTAMP,
    url CHAR(512),
    uuid CHAR(512)
);
success!
timestamp: 2011-08-27T18:01:13.264948
CREATE TABLE target(
    id INTEGER PRIMARY KEY AUTOINCREMENT,
    tid CHAR(512) UNIQUE,
    type CHAR(512),
    auth_type CHAR(512),
    details CHAR(512)
);
success!
timestamp: 2011-08-27T18:01:13.267785
CREATE TABLE leak(
    id INTEGER PRIMARY KEY AUTOINCREMENT,
    title CHAR(512),
    desc CHAR(512),
    submission_timestamp CHAR(512),
    leaker_id INTEGER REFERENCES target(id) ON DELETE CASCADE
);
success!
timestamp: 2011-08-27T18:01:13.270073
CREATE TABLE material(
    id INTEGER PRIMARY KEY AUTOINCREMENT,
    url CHAR(512) UNIQUE,
    leak_id INTEGER REFERENCES leak(id) ON DELETE CASCADE,
    type CHAR(512)
);
success!
timestamp: 2011-08-27T18:01:13.272299
CREATE TABLE tulip(
    id INTEGER PRIMARY KEY AUTOINCREMENT,
    uri CHAR(512) UNIQUE,
    leak_id CHAR(512),
    target_id CHAR(512),
    downloads_counter CHAR(512),
    allowed_downloads CHAR(512),
    expiry_time CHAR(512)
);
success!
timestamp: 2011-08-27T18:08:36.486336
ALTER TABLE target ADD name CHAR(512);
timestamp: 2011-08-27T18:08:36.490616
ALTER TABLE leak ADD name CHAR(512);
